<?xml version='1.0' encoding='UTF-8'?>
<testsuite hostname="tmperret-mac04.local" name="intelmedia.ws.funnel.examples.Example" tests="1" errors="0" failures="0" time="0.666">
                <properties>
[...]
</properties>
                <testcase classname="intelmedia.ws.funnel.examples.Example" name="intelmedia.ws.funnel.examples.Example" time="0.0"> 
                    </testcase>
                <system-out></system-out>
                <system-err></system-err>
                </testsuite>