<?xml version='1.0' encoding='UTF-8'?>
<testsuite hostname="tmperret-mac04.local" name="intelmedia.ws.funnel.http.examples.MirroringExample" tests="1" errors="1" failures="0" time="0.02">
                <properties>
[...]
</properties>
                <testcase classname="intelmedia.ws.funnel.http.examples.MirroringExample" name="intelmedia.ws.funnel.http.examples.MirroringExample" time="0.0"> <error message="Could not initialize class reaktor.scct.Coverage$" type="java.lang.NoClassDefFoundError">java.lang.NoClassDefFoundError: Could not initialize class reaktor.scct.Coverage$
	at intelmedia.ws.funnel.http.MonitoringServer$.start(MonitoringServer.scala:29)
	at intelmedia.ws.funnel.http.examples.MirroringExample$$anonfun$1.intelmedia$ws$funnel$http$examples$MirroringExample$$anonfun$$activity$1(MirroringExample.scala:27)
	at intelmedia.ws.funnel.http.examples.MirroringExample$$anonfun$1$$anonfun$2.apply(MirroringExample.scala:37)
	at intelmedia.ws.funnel.http.examples.MirroringExample$$anonfun$1$$anonfun$2.apply(MirroringExample.scala:35)
	at scala.collection.TraversableLike$$anonfun$map$1.apply(TraversableLike.scala:244)
	at scala.collection.TraversableLike$$anonfun$map$1.apply(TraversableLike.scala:244)
	at scala.collection.immutable.Range.foreach(Range.scala:141)
	at scala.collection.TraversableLike$class.map(TraversableLike.scala:244)
	at scala.collection.AbstractTraversable.map(Traversable.scala:105)
	at intelmedia.ws.funnel.http.examples.MirroringExample$$anonfun$1.apply$mcZ$sp(MirroringExample.scala:35)
	at intelmedia.ws.funnel.http.examples.MirroringExample$$anonfun$1.apply(MirroringExample.scala:14)
	at intelmedia.ws.funnel.http.examples.MirroringExample$$anonfun$1.apply(MirroringExample.scala:14)
	at org.scalacheck.Prop$.secure(Prop.scala:448)
	at intelmedia.ws.funnel.http.examples.MirroringExample$.&lt;init&gt;(MirroringExample.scala:14)
	at intelmedia.ws.funnel.http.examples.MirroringExample$.&lt;clinit&gt;(MirroringExample.scala)
	at java.lang.Class.forName0(Native Method)
	at java.lang.Class.forName(Class.java:270)
	at org.scalacheck.ScalaCheckFramework$$anon$1.run(ScalaCheckFramework.scala:80)
	at sbt.RunnerWrapper$1.runRunner2(FrameworkWrapper.java:220)
	at sbt.RunnerWrapper$1.execute(FrameworkWrapper.java:233)
	at sbt.TestRunner.runTest$1(TestFramework.scala:84)
	at sbt.TestRunner.run(TestFramework.scala:94)
	at sbt.TestFramework$$anon$2$$anonfun$$init$$1$$anonfun$apply$8.apply(TestFramework.scala:224)
	at sbt.TestFramework$$anon$2$$anonfun$$init$$1$$anonfun$apply$8.apply(TestFramework.scala:224)
	at sbt.TestFramework$.sbt$TestFramework$$withContextLoader(TestFramework.scala:212)
	at sbt.TestFramework$$anon$2$$anonfun$$init$$1.apply(TestFramework.scala:224)
	at sbt.TestFramework$$anon$2$$anonfun$$init$$1.apply(TestFramework.scala:224)
	at sbt.TestFunction.apply(TestFramework.scala:229)
	at sbt.Tests$.sbt$Tests$$processRunnable$1(Tests.scala:211)
	at sbt.Tests$$anonfun$makeSerial$1.apply(Tests.scala:217)
	at sbt.Tests$$anonfun$makeSerial$1.apply(Tests.scala:217)
	at sbt.std.Transform$$anon$3$$anonfun$apply$2.apply(System.scala:45)
	at sbt.std.Transform$$anon$3$$anonfun$apply$2.apply(System.scala:45)
	at sbt.std.Transform$$anon$4.work(System.scala:64)
	at sbt.Execute$$anonfun$submit$1$$anonfun$apply$1.apply(Execute.scala:237)
	at sbt.Execute$$anonfun$submit$1$$anonfun$apply$1.apply(Execute.scala:237)
	at sbt.ErrorHandling$.wideConvert(ErrorHandling.scala:18)
	at sbt.Execute.work(Execute.scala:244)
	at sbt.Execute$$anonfun$submit$1.apply(Execute.scala:237)
	at sbt.Execute$$anonfun$submit$1.apply(Execute.scala:237)
	at sbt.ConcurrentRestrictions$$anon$4$$anonfun$1.apply(ConcurrentRestrictions.scala:160)
	at sbt.CompletionService$$anon$2.call(CompletionService.scala:30)
	at java.util.concurrent.FutureTask$Sync.innerRun(FutureTask.java:334)
	at java.util.concurrent.FutureTask.run(FutureTask.java:166)
	at java.util.concurrent.Executors$RunnableAdapter.call(Executors.java:471)
	at java.util.concurrent.FutureTask$Sync.innerRun(FutureTask.java:334)
	at java.util.concurrent.FutureTask.run(FutureTask.java:166)
	at java.util.concurrent.ThreadPoolExecutor.runWorker(ThreadPoolExecutor.java:1145)
	at java.util.concurrent.ThreadPoolExecutor$Worker.run(ThreadPoolExecutor.java:615)
	at java.lang.Thread.run(Thread.java:724)
</error>
                    </testcase>
                <system-out></system-out>
                <system-err></system-err>
                </testsuite>